(electron) The default value of app.allowRendererProcessReuse is deprecated, it is currently "false".  It will change to be "true" in Electron 9.  For more information please check https://github.com/electron/electron/issues/18397
(node:10918) ProtocolDeprecateCallback: The callback argument of protocol module APIs is no longer needed.
(node:10918) ProtocolDeprecateCallback: The callback argument of protocol module APIs is no longer needed.
(node:10918) ProtocolDeprecateCallback: The callback argument of protocol module APIs is no longer needed.
(node:10918) ProtocolDeprecateCallback: The callback argument of protocol module APIs is no longer needed.
(node:10918) ProtocolDeprecateCallback: The callback argument of protocol module APIs is no longer needed.
(node:10918) ProtocolDeprecateCallback: The callback argument of protocol module APIs is no longer needed.
(node:10918) ProtocolDeprecateCallback: The callback argument of protocol module APIs is no longer needed.
(node:10918) ProtocolDeprecateCallback: The callback argument of protocol module APIs is no longer needed.
(node:10918) ProtocolDeprecateCallback: The callback argument of protocol module APIs is no longer needed.
(node:10918) ProtocolDeprecateCallback: The callback argument of protocol module APIs is no longer needed.
(node:10918) ProtocolDeprecateCallback: The callback argument of protocol module APIs is no longer needed.
(node:10918) ProtocolDeprecateCallback: The callback argument of protocol module APIs is no longer needed.
(node:10918) ProtocolDeprecateCallback: The callback argument of protocol module APIs is no longer needed.
(node:10918) ProtocolDeprecateCallback: The callback argument of protocol module APIs is no longer needed.
(node:10918) ProtocolDeprecateCallback: The callback argument of protocol module APIs is no longer needed.
(node:10918) ProtocolDeprecateCallback: The callback argument of protocol module APIs is no longer needed.
(node:10918) MaxListenersExceededWarning: Possible EventEmitter memory leak detected. 11 ecsSettingsUpdated listeners added to [EventEmitter]. Use emitter.setMaxListeners() to increase limit
(node:10918) MaxListenersExceededWarning: Possible EventEmitter memory leak detected. 11 appInitialized listeners added to [EventEmitter]. Use emitter.setMaxListeners() to increase limit
(node:10918) UnhandledPromiseRejectionWarning: undefined
(node:10918) UnhandledPromiseRejectionWarning: Unhandled promise rejection. This error originated either by throwing inside of an async function without a catch block, or by rejecting a promise which was not handled with .catch(). (rejection id: 1)
(node:10918) [DEP0018] DeprecationWarning: Unhandled promise rejections are deprecated. In the future, promise rejections that are not handled will terminate the Node.js process with a non-zero exit code.

(firefox:11399): Gtk-WARNING **: 23:51:00.523: Locale not supported by C library.
	Using the fallback 'C' locale.

(firefox:11512): Gtk-WARNING **: 23:51:06.723: Locale not supported by C library.
	Using the fallback 'C' locale.
