00:00:00.000585 main     VirtualBox XPCOM Server 6.1.16 r140961 linux.amd64 (Dec 15 2020 22:16:14) release log
00:00:00.000589 main     Log opened 2021-01-03T13:30:18.102915000Z
00:00:00.000590 main     Build Type: release
00:00:00.000592 main     OS Product: Linux
00:00:00.000594 main     OS Release: 5.4.86-1-lts
00:00:00.000596 main     OS Version: #1 SMP Wed, 30 Dec 2020 21:01:35 +0000
00:00:00.000623 main     DMI Product Name: Aspire E5-573G
00:00:00.000641 main     DMI Product Version: V3.72
00:00:00.000659 main     Firmware type: BIOS
00:00:00.000748 main     Host RAM: 15935MB (15.5GB) total, 15233MB (14.8GB) available
00:00:00.000755 main     Executable: /usr/lib/virtualbox/VBoxSVC
00:00:00.000756 main     Process ID: 26192
00:00:00.000757 main     Package type: LINUX_64BITS_GENERIC (OSE)
00:00:00.004390 main     IPC socket path: /tmp/.vbox-ahmed-ipc/ipcd
00:00:00.110617 nspr-2   VirtualBox: object creation starts
00:00:00.110753 nspr-2   Home directory: '/home/ahmed/.config/VirtualBox'
00:00:00.111024 nspr-2   Loading settings file "/home/ahmed/.config/VirtualBox/VirtualBox.xml" with version "1.12-linux"
00:00:00.122513 nspr-2   NetIfAdpCtlOut: VBoxNetAdpCtl: Error while retrieving link speed for wlp3s0: VBoxNetAdpCtl: ioctl failed: Operation not supported
00:00:00.123015 nspr-2   HostDnsMonitor: initializing
00:00:00.123232 nspr-2   NAT: resolv.conf: nameserver 192.168.1.1
00:00:00.123249 nspr-2   HostDnsMonitor: updating information
00:00:00.123262 nspr-2   HostDnsMonitor: old information
00:00:00.123265 nspr-2     no server entries
00:00:00.123268 nspr-2     no domain set
00:00:00.123270 nspr-2     no search string entries
00:00:00.123273 nspr-2   HostDnsMonitor: new information
00:00:00.123276 nspr-2     server 1: 192.168.1.1
00:00:00.123279 nspr-2     no domain set
00:00:00.123281 nspr-2     no search string entries
00:00:00.125968 nspr-2   VD: VDInit finished with VINF_SUCCESS
00:00:00.126052 nspr-2   ERROR [COM]: aRC=NS_ERROR_FAILURE (0x80004005) aIID={027bc463-929c-40e8-bf16-fea557cd8e7e} aComponent={SystemPropertiesWrap} aText={Cannot determine default Guest Additions ISO location. Most likely they are not available}, preserve=false aResultDetail=0
00:00:00.129989 nspr-2   Loading settings file "/home/ahmed/VirtualBox VMs/win10/win10.vbox" with version "1.15-linux"
00:00:00.131127 nspr-2   VirtualBox: object created
00:00:00.668460 nspr-2   WARNING [COM]: aRC=NS_ERROR_FAILURE (0x80004005) aIID={16ced992-5fdc-4aba-aff5-6a39bbd7c38b} aComponent={HostWrap} aText={VirtualBox is not currently allowed to access USB devices.  You can change this by adding your user to the 'vboxusers' group.  Please see the user manual for a more detailed explanation}, preserve=true  aResultDetail=0
00:00:00.884753 nspr-2   WARNING [COM]: aRC=NS_ERROR_FAILURE (0x80004005) aIID={16ced992-5fdc-4aba-aff5-6a39bbd7c38b} aComponent={HostWrap} aText={VirtualBox is not currently allowed to access USB devices.  You can change this by adding your user to the 'vboxusers' group.  Please see the user manual for a more detailed explanation}, preserve=true  aResultDetail=0
00:00:00.885811 nspr-2   WARNING [COM]: aRC=NS_ERROR_FAILURE (0x80004005) aIID={16ced992-5fdc-4aba-aff5-6a39bbd7c38b} aComponent={HostWrap} aText={VirtualBox is not currently allowed to access USB devices.  You can change this by adding your user to the 'vboxusers' group.  Please see the user manual for a more detailed explanation}, preserve=true  aResultDetail=0
00:00:01.682092 nspr-4   Saving settings file "/home/ahmed/.config/VirtualBox/VirtualBox.xml" with version "1.12-linux"
00:00:01.782198 nspr-3   Saving settings file "/home/ahmed/.config/VirtualBox/VirtualBox.xml" with version "1.12-linux"
00:00:01.847795 nspr-4   Saving settings file "/home/ahmed/.config/VirtualBox/VirtualBox.xml" with version "1.12-linux"
00:00:01.916214 nspr-2   Saving settings file "/home/ahmed/.config/VirtualBox/VirtualBox.xml" with version "1.12-linux"
00:00:07.479522 main     VirtualBox: object deletion starts
00:00:07.479569 main     ERROR [COM]: aRC=VBOX_E_OBJECT_IN_USE (0x80bb000c) aIID={ad47ad09-787b-44ab-b343-a082a3f2dfb1} aComponent={MediumWrap} aText={Medium '/home/ahmed/VirtualBox VMs/win10/Snapshots/{827196ee-e37f-4600-9280-987cc302f844}.vdi' cannot be closed because it is still attached to 1 virtual machines}, preserve=false aResultDetail=0
00:00:07.479616 main     ERROR [COM]: aRC=VBOX_E_OBJECT_IN_USE (0x80bb000c) aIID={ad47ad09-787b-44ab-b343-a082a3f2dfb1} aComponent={MediumWrap} aText={Medium '/home/ahmed/VirtualBox VMs/win10/Snapshots/{15a72099-80b1-4f54-8392-c763f8364c74}.vdi' cannot be closed because it is still attached to 1 virtual machines}, preserve=false aResultDetail=0
00:00:07.479633 main     ERROR [COM]: aRC=VBOX_E_OBJECT_IN_USE (0x80bb000c) aIID={ad47ad09-787b-44ab-b343-a082a3f2dfb1} aComponent={MediumWrap} aText={Medium '/home/ahmed/VirtualBox VMs/win10/win10.vdi' cannot be closed because it is still attached to 1 virtual machines}, preserve=false aResultDetail=0
00:00:07.480217 main     HostDnsMonitor: shutting down ...
00:00:07.511952 main     HostDnsMonitor: shut down
00:00:07.632720 Watcher  ERROR [COM]: aRC=E_ACCESSDENIED (0x80070005) aIID={d0a0163f-e254-4e5b-a1f2-011cf991c38d} aComponent={VirtualBoxWrap} aText={The object is not ready}, preserve=false aResultDetail=0
00:00:12.512103 main     {00007fe0300180b0} HostPowerServiceLinux::~HostPowerServiceLinux: RTThreadWait() for 5000 ms failed with VERR_TIMEOUT
00:00:12.512598 main     VirtualBox: object deleted
